Execution layer created. chainId: e27b7b5d-8b5b-44f2-b6ea-27b48de3a057
cosmos1lturv7jcdzlacvuq3tw5xwa8j7w5sz7wtcum2y
Creating Batch. chainId:e27b7b5d-8b5b-44f2-b6ea-27b48de3a057, Batch Number:100
Wrong batch number
Creating Batch. chainId:e27b7b5d-8b5b-44f2-b6ea-27b48de3a057, Batch Number:1
Not A Validator, Batch not created
Creating Batch. chainId:e27b7b5d-8b5b-44f2-b6ea-27b48de3a057, Batch Number:1
Batch 1 Created
Creating Batch. chainId:e27b7b5d-8b5b-44f2-b6ea-27b48de3a057, Batch Number:2
Batch 2 Created
Creating Batch. chainId:e27b7b5d-8b5b-44f2-b6ea-27b48de3a057, Batch Number:3
Batch 3 Created
verification successful
AddValidator Called with ChainId: e27b7b5d-8b5b-44f2-b6ea-27b48de3a057 and NewValidatorAddress: air1a4arux7tsy26dzec6j9effz679me9gqer8hycc
UUID created
da320e5f-5c5a-4dd0-9eeb-5d75fd106c61
AddValidator Called with ChainId: e27b7b5d-8b5b-44f2-b6ea-27b48de3a057 and NewValidatorAddress: air1varhzdweq72eqqpma8ymzjk2a0ka8rdr84zx60
PollId: da320e5f-5c5a-4dd0-9eeb-5d75fd106c61 NewValidatorAddress: air1a4arux7tsy26dzec6j9effz679me9gqer8hycc ChainId: e27b7b5d-8b5b-44f2-b6ea-27b48de3a057
UUID created
07ecca5c-a4a3-4ce1-b8bc-0b9190f82344
cosmos1lturv7jcdzlacvuq3tw5xwa8j7w5sz7wtcum2y
air1a4arux7tsy26dzec6j9effz679me9gqer8hycc
Already voted
Requester is not a validator
verification successful
Execution layer created. chainId: d208e018-ffa3-4f33-8d1a-de9ae6b154e0
Execution layer created. chainId: e7e3b5d8-16ba-456f-9ecd-54e5020c4a30
Execution layer created. chainId: 9a894e51-0cf9-4c91-ae87-a619a57b4158
Execution layer created. chainId: 402af168-0b84-4e7a-86d0-3a4c9bf39294
